TN:
SF:src/routes.js
FN:10,<instance_members_initializer>
FN:11,Routes
FN:16,setSocketInstance
FN:20,defaultRoute
FN:24,options
FN:29,get
FN:36,post
FN:41,handler
FNF:8
FNH:7
FNDA:7,<instance_members_initializer>
FNDA:7,Routes
FNDA:1,setSocketInstance
FNDA:2,defaultRoute
FNDA:1,options
FNDA:1,get
FNDA:0,post
FNDA:6,handler
DA:1,1
DA:2,1
DA:3,1
DA:4,1
DA:5,1
DA:6,1
DA:7,1
DA:8,1
DA:9,1
DA:10,1
DA:11,1
DA:12,7
DA:13,7
DA:14,7
DA:15,1
DA:16,1
DA:17,1
DA:18,1
DA:19,1
DA:20,1
DA:21,2
DA:22,2
DA:23,1
DA:24,1
DA:25,1
DA:26,1
DA:27,1
DA:28,1
DA:29,1
DA:30,1
DA:31,1
DA:32,1
DA:33,1
DA:34,1
DA:35,1
DA:36,1
DA:37,0
DA:38,0
DA:39,0
DA:40,1
DA:41,1
DA:42,6
DA:43,6
DA:44,6
DA:45,6
DA:46,6
DA:47,1
LF:47
LH:44
BRDA:10,0,0,7
BRDA:11,1,0,7
BRDA:16,2,0,1
BRDA:20,3,0,2
BRDA:24,4,0,1
BRDA:29,5,0,1
BRDA:41,6,0,6
BRDA:43,7,0,2
BRF:8
BRH:8
end_of_record
TN:
SF:src/uploadHandler.js
FN:7,UploadHandler
FN:15,canExecute
FN:19,handleFileBytes
FN:23,handleData
FN:40,onFile
FN:51,registerEvents
FNF:6
FNH:5
FNDA:3,UploadHandler
FNDA:0,canExecute
FNDA:1,handleFileBytes
FNDA:1,handleData
FNDA:1,onFile
FNDA:1,registerEvents
DA:1,1
DA:2,1
DA:3,1
DA:4,1
DA:5,1
DA:6,1
DA:7,1
DA:8,3
DA:9,3
DA:10,3
DA:11,3
DA:12,3
DA:13,1
DA:14,1
DA:15,1
DA:16,0
DA:17,0
DA:18,1
DA:19,1
DA:20,1
DA:21,1
DA:22,1
DA:23,1
DA:24,1
DA:25,1
DA:26,1
DA:27,1
DA:28,1
DA:29,1
DA:30,0
DA:31,0
DA:32,1
DA:33,1
DA:34,1
DA:35,1
DA:36,1
DA:37,1
DA:38,1
DA:39,1
DA:40,1
DA:41,1
DA:42,1
DA:43,1
DA:44,1
DA:45,1
DA:46,1
DA:47,1
DA:48,1
DA:49,1
DA:50,1
DA:51,1
DA:52,1
DA:53,1
DA:54,1
DA:55,1
DA:56,1
DA:57,1
DA:58,1
LF:58
LH:54
BRDA:7,0,0,3
BRDA:19,1,0,1
BRDA:23,2,0,1
BRDA:29,3,0,0
BRDA:40,4,0,1
BRDA:51,5,0,1
BRF:6
BRH:5
end_of_record
