TN:
SF:src/fileHelper.js
FN:5,getFilesStatus
FNF:1
FNH:1
FNDA:1,getFilesStatus
DA:1,1
DA:2,1
DA:3,1
DA:4,1
DA:5,1
DA:6,1
DA:7,1
DA:8,1
DA:9,1
DA:10,1
DA:11,1
DA:12,1
DA:13,1
DA:14,1
DA:15,1
DA:16,1
DA:17,1
DA:18,1
DA:19,1
DA:20,1
DA:21,1
DA:22,1
DA:23,1
DA:24,1
LF:24
LH:24
BRDA:5,0,0,1
BRDA:8,1,0,1
BRF:2
BRH:2
end_of_record
TN:
SF:src/logger.js
FNF:0
FNH:0
DA:1,1
DA:2,1
DA:3,1
DA:4,1
DA:5,1
DA:6,1
DA:7,1
DA:8,1
DA:9,1
DA:10,1
DA:11,1
LF:11
LH:11
BRF:0
BRH:0
end_of_record
TN:
SF:src/routes.js
FN:13,Routes
FN:19,setSocketInstance
FN:23,defaultRoute
FN:27,options
FN:32,get
FN:39,post
FN:47,onFinish
FN:61,handler
FNF:8
FNH:8
FNDA:9,Routes
FNDA:2,setSocketInstance
FNDA:2,defaultRoute
FNDA:1,options
FNDA:1,get
FNDA:2,post
FNDA:2,onFinish
FNDA:8,handler
DA:1,1
DA:2,1
DA:3,1
DA:4,1
DA:5,1
DA:6,1
DA:7,1
DA:8,1
DA:9,1
DA:10,1
DA:11,1
DA:12,1
DA:13,1
DA:14,9
DA:15,9
DA:16,9
DA:17,9
DA:18,1
DA:19,1
DA:20,2
DA:21,2
DA:22,1
DA:23,1
DA:24,2
DA:25,2
DA:26,1
DA:27,1
DA:28,1
DA:29,1
DA:30,1
DA:31,1
DA:32,1
DA:33,1
DA:34,1
DA:35,1
DA:36,1
DA:37,1
DA:38,1
DA:39,1
DA:40,2
DA:41,2
DA:42,2
DA:43,2
DA:44,2
DA:45,2
DA:46,2
DA:47,2
DA:48,2
DA:49,2
DA:50,2
DA:51,2
DA:52,2
DA:53,2
DA:54,2
DA:55,2
DA:56,2
DA:57,2
DA:58,2
DA:59,2
DA:60,1
DA:61,1
DA:62,8
DA:63,8
DA:64,8
DA:65,8
DA:66,8
DA:67,1
LF:67
LH:67
BRDA:13,0,0,9
BRDA:19,1,0,2
BRDA:23,2,0,2
BRDA:27,3,0,1
BRDA:32,4,0,1
BRDA:39,5,0,2
BRDA:47,6,0,2
BRDA:47,7,0,2
BRDA:61,8,0,8
BRDA:63,9,0,2
BRF:10
BRH:10
end_of_record
TN:
SF:src/uploadHandler.js
FN:7,UploadHandler
FN:16,canExecute
FN:20,handleFileBytes
FN:24,handleData
FN:42,onFile
FN:53,registerEvents
FNF:6
FNH:6
FNDA:8,UploadHandler
FNDA:8,canExecute
FNDA:3,handleFileBytes
FNDA:3,handleData
FNDA:2,onFile
FNDA:2,registerEvents
DA:1,1
DA:2,1
DA:3,1
DA:4,1
DA:5,1
DA:6,1
DA:7,1
DA:8,8
DA:9,8
DA:10,8
DA:11,8
DA:12,8
DA:13,8
DA:14,1
DA:15,1
DA:16,1
DA:17,8
DA:18,8
DA:19,1
DA:20,1
DA:21,3
DA:22,3
DA:23,3
DA:24,3
DA:25,3
DA:26,3
DA:27,3
DA:28,7
DA:29,7
DA:30,7
DA:31,5
DA:32,5
DA:33,7
DA:34,7
DA:35,7
DA:36,7
DA:37,3
DA:38,3
DA:39,3
DA:40,3
DA:41,1
DA:42,1
DA:43,2
DA:44,2
DA:45,1
DA:46,1
DA:47,1
DA:48,1
DA:49,1
DA:50,1
DA:51,1
DA:52,1
DA:53,1
DA:54,2
DA:55,2
DA:56,2
DA:57,2
DA:58,2
DA:59,2
DA:60,1
LF:60
LH:60
BRDA:7,0,0,8
BRDA:16,1,0,8
BRDA:20,2,0,3
BRDA:24,3,0,3
BRDA:27,4,0,7
BRDA:30,5,0,5
BRDA:42,6,0,2
BRDA:44,7,0,1
BRDA:53,8,0,2
BRF:9
BRH:9
end_of_record
